{"level":"info","ts":1730431010.108225,"msg":"Starting Judge With Config,","config":"{Server:{HostPort:8080 HostAddr:} Database:{DbFile:judge.db} Challenge:{StorageFolder:example/challenges IgnorePatterns:[_* .*] MarkdownStyleSheetPath:markdown.css} RepositoryStorage:{StorageFolder:example/repositories} Logger:{Filename:judge.log MaxSizeInMegabytes:10 MaxBackups:3 MaxAgeInDays:28 Compress:true Level:debug} Authentication:{AuthenticationServers:[{ProviderName:github ClientId: ClientSecret: UserScopes:[user:email] Enabled:true AuthUrl: TokenUrl: UserInfoUrl:} {ProviderName:keycloak ClientId:dev ClientSecret:FVG9WtQwESurtR7RurDqSbrxZIXsNWrZ UserScopes:[openid] Enabled:true AuthUrl:http://localhost:8888/realms/test/protocol/openid-connect/auth TokenUrl:http://localhost:8888/realms/test/protocol/openid-connect/token UserInfoUrl:http://localhost:8888/realms/test/protocol/openid-connect/userinfo}] SingleUser:true AuthenticationTimeoutInSecond:30} Testing:{PendingQueueSize:1000 PendingQueueTimeoutInMinute:5 MaxConcurrentWorkers:4 RunningTimeoutInMinute:10 DockerSocket:unix:///var/run/docker.sock TmpStorageFolder:tmp}}"}
{"level":"info","ts":1730431010.1151402,"msg":"Server Starting"}
{"level":"info","ts":1730431010.115175,"msg":"Judge Started"}
{"level":"debug","ts":1730431013.4436722,"msg":"Request","method":"GET","path":"/api/auth/single-user","status":200,"latency":0.000148333}
{"level":"debug","ts":1730431013.454137,"msg":"Request","method":"GET","path":"/api/ping/auth","status":200,"latency":0.001517125}
{"level":"debug","ts":1730431014.6837509,"msg":"Request","method":"GET","path":"/api/auth/single-user","status":200,"latency":0.000086875}
{"level":"debug","ts":1730431014.687232,"msg":"Request","method":"GET","path":"/api/ping/auth","status":200,"latency":0.000240792}
{"level":"debug","ts":1730431014.692075,"msg":"Request","method":"POST","path":"/api/query","status":200,"latency":0.001530375}
{"level":"debug","ts":1730431014.698339,"msg":"Request","method":"POST","path":"/api/query","status":200,"latency":0.000534542}
{"level":"debug","ts":1730431014.6986,"msg":"Request","method":"POST","path":"/api/query","status":200,"latency":0.000309625}
{"level":"debug","ts":1730431015.41412,"msg":"Request","method":"GET","path":"/api/auth/single-user","status":200,"latency":0.000019417}
{"level":"debug","ts":1730431015.421259,"msg":"Request","method":"GET","path":"/api/ping/auth","status":200,"latency":0.001698084}
{"level":"debug","ts":1730431015.423378,"msg":"Request","method":"POST","path":"/api/query","status":200,"latency":0.000453875}
{"level":"debug","ts":1730431016.336163,"msg":"Request","method":"GET","path":"/api/auth/single-user","status":200,"latency":0.000020625}
{"level":"debug","ts":1730431016.340121,"msg":"Request","method":"GET","path":"/api/ping/auth","status":200,"latency":0.00058325}
{"level":"debug","ts":1730431016.347431,"msg":"Request","method":"GET","path":"/api/user/name","status":200,"latency":0.000414041}
{"level":"debug","ts":1730431016.857098,"msg":"Request","method":"GET","path":"/api/auth/single-user","status":200,"latency":0.000021459}
{"level":"debug","ts":1730431016.863785,"msg":"Request","method":"GET","path":"/api/ping/auth","status":200,"latency":0.001841167}
{"level":"debug","ts":1730431016.864321,"msg":"Request","method":"POST","path":"/api/query","status":200,"latency":0.000388667}
{"level":"debug","ts":1730431017.7064168,"msg":"Request","method":"GET","path":"/api/auth/single-user","status":200,"latency":0.000022916}
{"level":"debug","ts":1730431017.710121,"msg":"Request","method":"GET","path":"/api/user/name","status":200,"latency":0.000646}
{"level":"debug","ts":1730431017.714894,"msg":"Request","method":"GET","path":"/api/ping/auth","status":200,"latency":0.00035175}
{"level":"debug","ts":1730431018.242522,"msg":"Request","method":"GET","path":"/api/auth/single-user","status":200,"latency":0.000027792}
{"level":"debug","ts":1730431018.250174,"msg":"Request","method":"GET","path":"/api/ping/auth","status":200,"latency":0.00289975}
{"level":"debug","ts":1730431018.2508118,"msg":"Request","method":"POST","path":"/api/query","status":200,"latency":0.000433917}
{"level":"debug","ts":1730431019.676251,"msg":"Request","method":"GET","path":"/api/auth/single-user","status":200,"latency":0.000024292}
{"level":"debug","ts":1730431019.6795,"msg":"Request","method":"GET","path":"/api/user/name","status":200,"latency":0.000667917}
{"level":"debug","ts":1730431019.679958,"msg":"Request","method":"GET","path":"/api/ping/auth","status":200,"latency":0.000092708}
{"level":"debug","ts":1730431020.135128,"msg":"Request","method":"GET","path":"/api/auth/single-user","status":200,"latency":0.00004825}
{"level":"debug","ts":1730431020.1412969,"msg":"Request","method":"GET","path":"/api/ping/auth","status":200,"latency":0.000833791}
{"level":"debug","ts":1730431020.1442308,"msg":"Request","method":"POST","path":"/api/query","status":200,"latency":0.002591917}
{"level":"debug","ts":1730431021.382638,"msg":"Request","method":"GET","path":"/api/auth/single-user","status":200,"latency":0.000035041}
{"level":"debug","ts":1730431021.388391,"msg":"Request","method":"GET","path":"/api/ping/auth","status":200,"latency":0.000460583}
{"level":"debug","ts":1730431021.389032,"msg":"Request","method":"POST","path":"/api/query","status":200,"latency":0.001085791}
{"level":"debug","ts":1730431021.3975182,"msg":"Request","method":"POST","path":"/api/query","status":200,"latency":0.000364458}
{"level":"debug","ts":1730431021.3975198,"msg":"Request","method":"POST","path":"/api/query","status":200,"latency":0.000404166}
{"level":"debug","ts":1730431022.110364,"msg":"Request","method":"GET","path":"/api/auth/single-user","status":200,"latency":0.000047166}
{"level":"debug","ts":1730431022.117599,"msg":"Request","method":"GET","path":"/api/ping/auth","status":200,"latency":0.000406292}
{"level":"debug","ts":1730431022.118099,"msg":"Request","method":"POST","path":"/api/query","status":200,"latency":0.000409042}
{"level":"debug","ts":1730431022.637462,"msg":"Request","method":"GET","path":"/api/auth/single-user","status":200,"latency":0.0000555}
{"level":"debug","ts":1730431022.640852,"msg":"Request","method":"GET","path":"/api/user/name","status":200,"latency":0.000398833}
{"level":"debug","ts":1730431022.641072,"msg":"Request","method":"GET","path":"/api/ping/auth","status":200,"latency":0.000131708}
{"level":"debug","ts":1730431023.379173,"msg":"Request","method":"GET","path":"/api/auth/single-user","status":200,"latency":0.000106833}
{"level":"debug","ts":1730431023.384962,"msg":"Request","method":"GET","path":"/api/ping/auth","status":200,"latency":0.000480625}
{"level":"debug","ts":1730431023.387435,"msg":"Request","method":"POST","path":"/api/query","status":200,"latency":0.00236925}
{"level":"debug","ts":1730431023.978267,"msg":"Request","method":"GET","path":"/api/auth/single-user","status":200,"latency":0.000010792}
{"level":"debug","ts":1730431023.980556,"msg":"Request","method":"GET","path":"/api/ping/auth","status":200,"latency":0.000196458}
{"level":"debug","ts":1730431023.9810612,"msg":"Request","method":"POST","path":"/api/query","status":200,"latency":0.000448292}
{"level":"debug","ts":1730431023.985791,"msg":"Request","method":"POST","path":"/api/query","status":200,"latency":0.000268375}
{"level":"debug","ts":1730431023.986167,"msg":"Request","method":"POST","path":"/api/query","status":200,"latency":0.000147666}
{"level":"debug","ts":1730431024.5692968,"msg":"Request","method":"GET","path":"/api/auth/single-user","status":200,"latency":0.000024208}
{"level":"debug","ts":1730431024.5822191,"msg":"Request","method":"POST","path":"/api/query","status":200,"latency":0.001607709}
{"level":"debug","ts":1730431024.582916,"msg":"Request","method":"GET","path":"/api/ping/auth","status":200,"latency":0.000223625}
{"level":"debug","ts":1730431025.037452,"msg":"Request","method":"GET","path":"/api/auth/single-user","status":200,"latency":0.000023875}
{"level":"debug","ts":1730431025.041717,"msg":"Request","method":"GET","path":"/api/user/name","status":200,"latency":0.001125542}
{"level":"debug","ts":1730431025.0456362,"msg":"Request","method":"GET","path":"/api/ping/auth","status":200,"latency":0.000264291}
{"level":"debug","ts":1730431025.565641,"msg":"Request","method":"GET","path":"/api/auth/single-user","status":200,"latency":0.000068792}
{"level":"debug","ts":1730431025.567842,"msg":"Request","method":"POST","path":"/api/query","status":200,"latency":0.000829042}
{"level":"debug","ts":1730431025.5691478,"msg":"Request","method":"GET","path":"/api/ping/auth","status":200,"latency":0.000223833}
{"level":"debug","ts":1730431026.038677,"msg":"Request","method":"GET","path":"/api/auth/single-user","status":200,"latency":0.000023708}
{"level":"debug","ts":1730431026.0428932,"msg":"Request","method":"GET","path":"/api/ping/auth","status":200,"latency":0.000398875}
{"level":"debug","ts":1730431026.049185,"msg":"Request","method":"POST","path":"/api/query","status":200,"latency":0.003923417}
{"level":"debug","ts":1730431026.0566459,"msg":"Request","method":"POST","path":"/api/query","status":200,"latency":0.001943125}
{"level":"debug","ts":1730431026.057207,"msg":"Request","method":"POST","path":"/api/query","status":200,"latency":0.00026825}
{"level":"error","ts":1730431068.9778292,"msg":"Failed to write hook file","hookPath":"example/repositories/localhost/subject/hello/irrUpwSt5XyrJZh/.git/hooks/post-commit","error":"open example/repositories/localhost/subject/hello/irrUpwSt5XyrJZh/.git/hooks/post-commit: no such file or directory"}
{"level":"debug","ts":1730431068.980157,"msg":"Request","method":"POST","path":"/api/repo/project","status":200,"latency":0.019551208}
{"level":"debug","ts":1730431070.1822479,"msg":"Request","method":"GET","path":"/api/auth/single-user","status":200,"latency":0.000108792}
{"level":"debug","ts":1730431070.186805,"msg":"Request","method":"GET","path":"/api/ping/auth","status":200,"latency":0.000846291}
{"level":"debug","ts":1730431070.1995552,"msg":"Request","method":"POST","path":"/api/query","status":200,"latency":0.000738}
{"level":"error","ts":1730431070.199817,"msg":"Failed to parse challenge attribute file","path":"example/challenges/undefined/attribute.toml","error":"open example/challenges/undefined/attribute.toml: no such file or directory"}
{"level":"debug","ts":1730431070.199858,"msg":"Request","method":"POST","path":"/api/query","status":200,"latency":0.000144708}
{"level":"debug","ts":1730431070.205874,"msg":"Request","method":"POST","path":"/api/query","status":200,"latency":0.000971542}
{"level":"debug","ts":1730431070.219033,"msg":"Requesting","path":""}
{"level":"debug","ts":1730431070.219213,"msg":"Request","method":"GET","path":"/api/note/hello/0/","status":200,"latency":0.000478208}
{"level":"debug","ts":1730431070.252845,"msg":"Requesting","path":"02.gif"}
{"level":"debug","ts":1730431070.253081,"msg":"Request","method":"GET","path":"/api/note/hello/0/02.gif","status":200,"latency":0.000592709}
{"level":"debug","ts":1730431071.657863,"msg":"Request","method":"GET","path":"/api/auth/single-user","status":200,"latency":0.000029959}
{"level":"debug","ts":1730431071.665557,"msg":"Request","method":"POST","path":"/api/query","status":200,"latency":0.00207525}
{"level":"debug","ts":1730431071.665876,"msg":"Request","method":"GET","path":"/api/ping/auth","status":200,"latency":0.00011725}
{"level":"debug","ts":1730431072.5602329,"msg":"Request","method":"GET","path":"/api/auth/single-user","status":200,"latency":0.000019209}
{"level":"error","ts":1730431072.564212,"msg":"Failed to parse challenge attribute file","path":"example/challenges/undefined/attribute.toml","error":"open example/challenges/undefined/attribute.toml: no such file or directory"}
{"level":"debug","ts":1730431072.564275,"msg":"Request","method":"POST","path":"/api/query","status":200,"latency":0.00013925}
{"level":"debug","ts":1730431072.564276,"msg":"Request","method":"POST","path":"/api/query","status":200,"latency":0.000663459}
{"level":"debug","ts":1730431072.565268,"msg":"Request","method":"GET","path":"/api/ping/auth","status":200,"latency":0.000197208}
{"level":"debug","ts":1730431072.5683599,"msg":"Request","method":"POST","path":"/api/query","status":200,"latency":0.000286875}
{"level":"debug","ts":1730431073.605372,"msg":"Request","method":"GET","path":"/api/auth/single-user","status":200,"latency":0.000029083}
{"level":"debug","ts":1730431073.612362,"msg":"Request","method":"GET","path":"/api/user/name","status":200,"latency":0.000428708}
{"level":"debug","ts":1730431073.6129,"msg":"Request","method":"GET","path":"/api/ping/auth","status":200,"latency":0.000312292}
{"level":"debug","ts":1730431075.343342,"msg":"Request","method":"GET","path":"/api/auth/single-user","status":200,"latency":0.000023333}
{"level":"debug","ts":1730431075.351267,"msg":"Request","method":"GET","path":"/api/ping/auth","status":200,"latency":0.001912}
{"level":"debug","ts":1730431075.353163,"msg":"Request","method":"POST","path":"/api/query","status":200,"latency":0.000879916}
{"level":"debug","ts":1730431076.216615,"msg":"Request","method":"GET","path":"/api/auth/single-user","status":200,"latency":0.000048375}
{"level":"debug","ts":1730431076.220392,"msg":"Request","method":"GET","path":"/api/user/name","status":200,"latency":0.000405292}
{"level":"debug","ts":1730431076.22059,"msg":"Request","method":"GET","path":"/api/ping/auth","status":200,"latency":0.000108}
{"level":"debug","ts":1730431078.1224918,"msg":"Request","method":"GET","path":"/api/auth/single-user","status":200,"latency":0.000029875}
{"level":"debug","ts":1730431078.13109,"msg":"Request","method":"POST","path":"/api/query","status":200,"latency":0.000961125}
{"level":"debug","ts":1730431078.131437,"msg":"Request","method":"GET","path":"/api/ping/auth","status":200,"latency":0.000168542}
{"level":"debug","ts":1730431079.254175,"msg":"Request","method":"GET","path":"/api/auth/single-user","status":200,"latency":0.000095166}
{"level":"error","ts":1730431079.261705,"msg":"Failed to parse challenge attribute file","path":"example/challenges/undefined/attribute.toml","error":"open example/challenges/undefined/attribute.toml: no such file or directory"}
{"level":"debug","ts":1730431079.261796,"msg":"Request","method":"POST","path":"/api/query","status":200,"latency":0.000343541}
{"level":"debug","ts":1730431079.262563,"msg":"Request","method":"POST","path":"/api/query","status":200,"latency":0.0006865}
{"level":"debug","ts":1730431079.263072,"msg":"Request","method":"GET","path":"/api/ping/auth","status":200,"latency":0.000204208}
{"level":"debug","ts":1730431079.267308,"msg":"Request","method":"POST","path":"/api/query","status":200,"latency":0.001251917}
{"level":"debug","ts":1730431080.285291,"msg":"Request","method":"GET","path":"/api/note/hello/1/","status":200,"latency":0.002324}
{"level":"debug","ts":1730431081.448964,"msg":"Request","method":"GET","path":"/api/note/hello/1/","status":200,"latency":0.001303292}
{"level":"debug","ts":1730431083.524757,"msg":"Request","method":"POST","path":"/api/query","status":200,"latency":0.000396167}
{"level":"debug","ts":1730431085.507652,"msg":"Request","method":"POST","path":"/api/query","status":200,"latency":0.000389375}
{"level":"info","ts":1730431086.9814599,"msg":"Got task","repository_id":"irrUpwSt5XyrJZh","serial":1,"stage":1}
{"level":"debug","ts":1730431086.9815092,"msg":"Request","method":"POST","path":"/api/testing/pending","status":200,"latency":0.009878667}
{"level":"debug","ts":1730431086.9815109,"msg":"Running task","repository_id":"irrUpwSt5XyrJZh","serial":1,"stage":1}
{"level":"debug","ts":1730431086.984567,"msg":"Dockerfile path","dockerfilePath":"example/repositories/localhost/subject/hello/irrUpwSt5XyrJZh/dockerfile"}
{"level":"error","ts":1730431086.9860978,"msg":"Failed to build docker image","error":"Cannot connect to the Docker daemon at unix:///var/run/docker.sock. Is the docker daemon running?"}
{"level":"error","ts":1730431086.986511,"msg":"Failed to list containers","error":"Cannot connect to the Docker daemon at unix:///var/run/docker.sock. Is the docker daemon running?"}
{"level":"error","ts":1730431086.986562,"msg":"Failed to run task","error":"Cannot connect to the Docker daemon at unix:///var/run/docker.sock. Is the docker daemon running?"}
{"level":"debug","ts":1730431091.297485,"msg":"Request","method":"POST","path":"/api/query","status":200,"latency":0.003319334}
{"level":"debug","ts":1730431096.3033652,"msg":"Request","method":"POST","path":"/api/query","status":200,"latency":0.001746625}
{"level":"debug","ts":1730431101.303721,"msg":"Request","method":"POST","path":"/api/query","status":200,"latency":0.001673416}
{"level":"debug","ts":1730431106.302256,"msg":"Request","method":"POST","path":"/api/query","status":200,"latency":0.001859917}
{"level":"debug","ts":1730431111.3035688,"msg":"Request","method":"POST","path":"/api/query","status":200,"latency":0.00098}
{"level":"debug","ts":1730431116.3044538,"msg":"Request","method":"POST","path":"/api/query","status":200,"latency":0.001726542}
{"level":"debug","ts":1730431121.304914,"msg":"Request","method":"POST","path":"/api/query","status":200,"latency":0.001859042}
{"level":"debug","ts":1730431126.309292,"msg":"Request","method":"POST","path":"/api/query","status":200,"latency":0.005283208}
{"level":"debug","ts":1730431131.30618,"msg":"Request","method":"POST","path":"/api/query","status":200,"latency":0.001741209}
{"level":"debug","ts":1730431136.307216,"msg":"Request","method":"POST","path":"/api/query","status":200,"latency":0.000826625}
{"level":"debug","ts":1730431141.3076138,"msg":"Request","method":"POST","path":"/api/query","status":200,"latency":0.000793125}
